<?xml version="1.0" encoding="UTF-8"?>
<testng-results skipped="0" failed="0" ignored="0" total="1" passed="1">
  <reporter-output>
  </reporter-output>
  <suite name="Suite" duration-ms="68" started-at="2021-12-08T08:04:05 IST" finished-at="2021-12-08T08:04:05 IST">
    <groups>
    </groups>
    <test name="Test" duration-ms="68" started-at="2021-12-08T08:04:05 IST" finished-at="2021-12-08T08:04:05 IST">
      <class name="testpackagaarunaagum.NeeOodu">
        <test-method status="PASS" signature="tryingTestNG()[pri:0, instance:testpackagaarunaagum.NeeOodu@3159c4b8]" name="tryingTestNG" duration-ms="10" started-at="2021-12-08T08:04:05 IST" finished-at="2021-12-08T08:04:05 IST">
          <reporter-output>
          </reporter-output>
        </test-method> <!-- tryingTestNG -->
      </class> <!-- testpackagaarunaagum.NeeOodu -->
    </test> <!-- Test -->
  </suite> <!-- Suite -->
</testng-results>
