<?xml version="1.0" encoding="UTF-8"?>
<testng-results skipped="0" failed="0" ignored="0" total="1" passed="1">
  <reporter-output>
  </reporter-output>
  <suite name="Default suite" duration-ms="83" started-at="2021-12-08T07:59:54 IST" finished-at="2021-12-08T07:59:54 IST">
    <groups>
    </groups>
    <test name="Default test" duration-ms="83" started-at="2021-12-08T07:59:54 IST" finished-at="2021-12-08T07:59:54 IST">
      <class name="testpackagaarunaagum.NeeOodu">
        <test-method status="PASS" signature="tryingTestNG()[pri:0, instance:testpackagaarunaagum.NeeOodu@587d1d39]" name="tryingTestNG" duration-ms="15" started-at="2021-12-08T07:59:54 IST" finished-at="2021-12-08T07:59:54 IST">
          <reporter-output>
          </reporter-output>
        </test-method> <!-- tryingTestNG -->
      </class> <!-- testpackagaarunaagum.NeeOodu -->
    </test> <!-- Default test -->
  </suite> <!-- Default suite -->
</testng-results>
